[2025-10-08 06:37:37] local.ERROR: Target [App\Interfaces\AdminReportInterface] is not instantiable while building [App\Http\Controllers\AdminReportController]. {"userId":20,"exception":"[object] (Illuminate\\Contracts\\Container\\BindingResolutionException(code: 0): Target [App\\Interfaces\\AdminReportInterface] is not instantiable while building [App\\Http\\Controllers\\AdminReportController]. at /home/ozodbek/Desktop/Logistika-va-Yuk-Tashish-Tizimi/Lagistika/vendor/laravel/framework/src/Illuminate/Container/Container.php:1279)
[stacktrace]
#0 /home/ozodbek/Desktop/Logistika-va-Yuk-Tashish-Tizimi/Lagistika/vendor/laravel/framework/src/Illuminate/Container/Container.php(1026): Illuminate\\Container\\Container->notInstantiable()
#1 /home/ozodbek/Desktop/Logistika-va-Yuk-Tashish-Tizimi/Lagistika/vendor/laravel/framework/src/Illuminate/Container/Container.php(890): Illuminate\\Container\\Container->build()
#2 /home/ozodbek/Desktop/Logistika-va-Yuk-Tashish-Tizimi/Lagistika/vendor/laravel/framework/src/Illuminate/Foundation/Application.php(1077): Illuminate\\Container\\Container->resolve()
#3 /home/ozodbek/Desktop/Logistika-va-Yuk-Tashish-Tizimi/Lagistika/vendor/laravel/framework/src/Illuminate/Container/Container.php(821): Illuminate\\Foundation\\Application->resolve()
#4 /home/ozodbek/Desktop/Logistika-va-Yuk-Tashish-Tizimi/Lagistika/vendor/laravel/framework/src/Illuminate/Foundation/Application.php(1057): Illuminate\\Container\\Container->make()
#5 /home/ozodbek/Desktop/Logistika-va-Yuk-Tashish-Tizimi/Lagistika/vendor/laravel/framework/src/Illuminate/Container/Container.php(1202): Illuminate\\Foundation\\Application->make()
#6 /home/ozodbek/Desktop/Logistika-va-Yuk-Tashish-Tizimi/Lagistika/vendor/laravel/framework/src/Illuminate/Container/Container.php(1101): Illuminate\\Container\\Container->resolveClass()
#7 /home/ozodbek/Desktop/Logistika-va-Yuk-Tashish-Tizimi/Lagistika/vendor/laravel/framework/src/Illuminate/Container/Container.php(1052): Illuminate\\Container\\Container->resolveDependencies()
#8 /home/ozodbek/Desktop/Logistika-va-Yuk-Tashish-Tizimi/Lagistika/vendor/laravel/framework/src/Illuminate/Container/Container.php(890): Illuminate\\Container\\Container->build()
#9 /home/ozodbek/Desktop/Logistika-va-Yuk-Tashish-Tizimi/Lagistika/vendor/laravel/framework/src/Illuminate/Foundation/Application.php(1077): Illuminate\\Container\\Container->resolve()
#10 /home/ozodbek/Desktop/Logistika-va-Yuk-Tashish-Tizimi/Lagistika/vendor/laravel/framework/src/Illuminate/Container/Container.php(821): Illuminate\\Foundation\\Application->resolve()
#11 /home/ozodbek/Desktop/Logistika-va-Yuk-Tashish-Tizimi/Lagistika/vendor/laravel/framework/src/Illuminate/Foundation/Application.php(1057): Illuminate\\Container\\Container->make()
#12 /home/ozodbek/Desktop/Logistika-va-Yuk-Tashish-Tizimi/Lagistika/vendor/laravel/framework/src/Illuminate/Routing/Route.php(286): Illuminate\\Foundation\\Application->make()
#13 /home/ozodbek/Desktop/Logistika-va-Yuk-Tashish-Tizimi/Lagistika/vendor/laravel/framework/src/Illuminate/Routing/Route.php(266): Illuminate\\Routing\\Route->getController()
#14 /home/ozodbek/Desktop/Logistika-va-Yuk-Tashish-Tizimi/Lagistika/vendor/laravel/framework/src/Illuminate/Routing/Route.php(211): Illuminate\\Routing\\Route->runController()
#15 /home/ozodbek/Desktop/Logistika-va-Yuk-Tashish-Tizimi/Lagistika/vendor/laravel/framework/src/Illuminate/Routing/Router.php(808): Illuminate\\Routing\\Route->run()
#16 /home/ozodbek/Desktop/Logistika-va-Yuk-Tashish-Tizimi/Lagistika/vendor/laravel/framework/src/Illuminate/Pipeline/Pipeline.php(169): Illuminate\\Routing\\Router->{closure:Illuminate\\Routing\\Router::runRouteWithinStack():807}()
#17 /home/ozodbek/Desktop/Logistika-va-Yuk-Tashish-Tizimi/Lagistika/vendor/laravel/framework/src/Illuminate/Routing/Middleware/SubstituteBindings.php(50): Illuminate\\Pipeline\\Pipeline->{closure:Illuminate\\Pipeline\\Pipeline::prepareDestination():167}()
#18 /home/ozodbek/Desktop/Logistika-va-Yuk-Tashish-Tizimi/Lagistika/vendor/laravel/framework/src/Illuminate/Pipeline/Pipeline.php(208): Illuminate\\Routing\\Middleware\\SubstituteBindings->handle()
#19 /home/ozodbek/Desktop/Logistika-va-Yuk-Tashish-Tizimi/Lagistika/vendor/laravel/framework/src/Illuminate/Auth/Middleware/Authenticate.php(63): Illuminate\\Pipeline\\Pipeline->{closure:{closure:Illuminate\\Pipeline\\Pipeline::carry():183}:184}()
#20 /home/ozodbek/Desktop/Logistika-va-Yuk-Tashish-Tizimi/Lagistika/vendor/laravel/framework/src/Illuminate/Pipeline/Pipeline.php(208): Illuminate\\Auth\\Middleware\\Authenticate->handle()
#21 /home/ozodbek/Desktop/Logistika-va-Yuk-Tashish-Tizimi/Lagistika/vendor/laravel/framework/src/Illuminate/Pipeline/Pipeline.php(126): Illuminate\\Pipeline\\Pipeline->{closure:{closure:Illuminate\\Pipeline\\Pipeline::carry():183}:184}()
#22 /home/ozodbek/Desktop/Logistika-va-Yuk-Tashish-Tizimi/Lagistika/vendor/laravel/framework/src/Illuminate/Routing/Router.php(807): Illuminate\\Pipeline\\Pipeline->then()
#23 /home/ozodbek/Desktop/Logistika-va-Yuk-Tashish-Tizimi/Lagistika/vendor/laravel/framework/src/Illuminate/Routing/Router.php(786): Illuminate\\Routing\\Router->runRouteWithinStack()
#24 /home/ozodbek/Desktop/Logistika-va-Yuk-Tashish-Tizimi/Lagistika/vendor/laravel/framework/src/Illuminate/Routing/Router.php(750): Illuminate\\Routing\\Router->runRoute()
#25 /home/ozodbek/Desktop/Logistika-va-Yuk-Tashish-Tizimi/Lagistika/vendor/laravel/framework/src/Illuminate/Routing/Router.php(739): Illuminate\\Routing\\Router->dispatchToRoute()
#26 /home/ozodbek/Desktop/Logistika-va-Yuk-Tashish-Tizimi/Lagistika/vendor/laravel/framework/src/Illuminate/Foundation/Http/Kernel.php(200): Illuminate\\Routing\\Router->dispatch()
#27 /home/ozodbek/Desktop/Logistika-va-Yuk-Tashish-Tizimi/Lagistika/vendor/laravel/framework/src/Illuminate/Pipeline/Pipeline.php(169): Illuminate\\Foundation\\Http\\Kernel->{closure:Illuminate\\Foundation\\Http\\Kernel::dispatchToRouter():197}()
#28 /home/ozodbek/Desktop/Logistika-va-Yuk-Tashish-Tizimi/Lagistika/vendor/laravel/framework/src/Illuminate/Foundation/Http/Middleware/TransformsRequest.php(21): Illuminate\\Pipeline\\Pipeline->{closure:Illuminate\\Pipeline\\Pipeline::prepareDestination():167}()
#29 /home/ozodbek/Desktop/Logistika-va-Yuk-Tashish-Tizimi/Lagistika/vendor/laravel/framework/src/Illuminate/Foundation/Http/Middleware/ConvertEmptyStringsToNull.php(31): Illuminate\\Foundation\\Http\\Middleware\\TransformsRequest->handle()
#30 /home/ozodbek/Desktop/Logistika-va-Yuk-Tashish-Tizimi/Lagistika/vendor/laravel/framework/src/Illuminate/Pipeline/Pipeline.php(208): Illuminate\\Foundation\\Http\\Middleware\\ConvertEmptyStringsToNull->handle()
#31 /home/ozodbek/Desktop/Logistika-va-Yuk-Tashish-Tizimi/Lagistika/vendor/laravel/framework/src/Illuminate/Foundation/Http/Middleware/TransformsRequest.php(21): Illuminate\\Pipeline\\Pipeline->{closure:{closure:Illuminate\\Pipeline\\Pipeline::carry():183}:184}()
#32 /home/ozodbek/Desktop/Logistika-va-Yuk-Tashish-Tizimi/Lagistika/vendor/laravel/framework/src/Illuminate/Foundation/Http/Middleware/TrimStrings.php(51): Illuminate\\Foundation\\Http\\Middleware\\TransformsRequest->handle()
#33 /home/ozodbek/Desktop/Logistika-va-Yuk-Tashish-Tizimi/Lagistika/vendor/laravel/framework/src/Illuminate/Pipeline/Pipeline.php(208): Illuminate\\Foundation\\Http\\Middleware\\TrimStrings->handle()
#34 /home/ozodbek/Desktop/Logistika-va-Yuk-Tashish-Tizimi/Lagistika/vendor/laravel/framework/src/Illuminate/Http/Middleware/ValidatePostSize.php(27): Illuminate\\Pipeline\\Pipeline->{closure:{closure:Illuminate\\Pipeline\\Pipeline::carry():183}:184}()
#35 /home/ozodbek/Desktop/Logistika-va-Yuk-Tashish-Tizimi/Lagistika/vendor/laravel/framework/src/Illuminate/Pipeline/Pipeline.php(208): Illuminate\\Http\\Middleware\\ValidatePostSize->handle()
#36 /home/ozodbek/Desktop/Logistika-va-Yuk-Tashish-Tizimi/Lagistika/vendor/laravel/framework/src/Illuminate/Foundation/Http/Middleware/PreventRequestsDuringMaintenance.php(109): Illuminate\\Pipeline\\Pipeline->{closure:{closure:Illuminate\\Pipeline\\Pipeline::carry():183}:184}()
#37 /home/ozodbek/Desktop/Logistika-va-Yuk-Tashish-Tizimi/Lagistika/vendor/laravel/framework/src/Illuminate/Pipeline/Pipeline.php(208): Illuminate\\Foundation\\Http\\Middleware\\PreventRequestsDuringMaintenance->handle()
#38 /home/ozodbek/Desktop/Logistika-va-Yuk-Tashish-Tizimi/Lagistika/vendor/laravel/framework/src/Illuminate/Http/Middleware/HandleCors.php(61): Illuminate\\Pipeline\\Pipeline->{closure:{closure:Illuminate\\Pipeline\\Pipeline::carry():183}:184}()
#39 /home/ozodbek/Desktop/Logistika-va-Yuk-Tashish-Tizimi/Lagistika/vendor/laravel/framework/src/Illuminate/Pipeline/Pipeline.php(208): Illuminate\\Http\\Middleware\\HandleCors->handle()
#40 /home/ozodbek/Desktop/Logistika-va-Yuk-Tashish-Tizimi/Lagistika/vendor/laravel/framework/src/Illuminate/Http/Middleware/TrustProxies.php(58): Illuminate\\Pipeline\\Pipeline->{closure:{closure:Illuminate\\Pipeline\\Pipeline::carry():183}:184}()
#41 /home/ozodbek/Desktop/Logistika-va-Yuk-Tashish-Tizimi/Lagistika/vendor/laravel/framework/src/Illuminate/Pipeline/Pipeline.php(208): Illuminate\\Http\\Middleware\\TrustProxies->handle()
#42 /home/ozodbek/Desktop/Logistika-va-Yuk-Tashish-Tizimi/Lagistika/vendor/laravel/framework/src/Illuminate/Foundation/Http/Middleware/InvokeDeferredCallbacks.php(22): Illuminate\\Pipeline\\Pipeline->{closure:{closure:Illuminate\\Pipeline\\Pipeline::carry():183}:184}()
#43 /home/ozodbek/Desktop/Logistika-va-Yuk-Tashish-Tizimi/Lagistika/vendor/laravel/framework/src/Illuminate/Pipeline/Pipeline.php(208): Illuminate\\Foundation\\Http\\Middleware\\InvokeDeferredCallbacks->handle()
#44 /home/ozodbek/Desktop/Logistika-va-Yuk-Tashish-Tizimi/Lagistika/vendor/laravel/framework/src/Illuminate/Http/Middleware/ValidatePathEncoding.php(26): Illuminate\\Pipeline\\Pipeline->{closure:{closure:Illuminate\\Pipeline\\Pipeline::carry():183}:184}()
#45 /home/ozodbek/Desktop/Logistika-va-Yuk-Tashish-Tizimi/Lagistika/vendor/laravel/framework/src/Illuminate/Pipeline/Pipeline.php(208): Illuminate\\Http\\Middleware\\ValidatePathEncoding->handle()
#46 /home/ozodbek/Desktop/Logistika-va-Yuk-Tashish-Tizimi/Lagistika/vendor/laravel/framework/src/Illuminate/Pipeline/Pipeline.php(126): Illuminate\\Pipeline\\Pipeline->{closure:{closure:Illuminate\\Pipeline\\Pipeline::carry():183}:184}()
#47 /home/ozodbek/Desktop/Logistika-va-Yuk-Tashish-Tizimi/Lagistika/vendor/laravel/framework/src/Illuminate/Foundation/Http/Kernel.php(175): Illuminate\\Pipeline\\Pipeline->then()
#48 /home/ozodbek/Desktop/Logistika-va-Yuk-Tashish-Tizimi/Lagistika/vendor/laravel/framework/src/Illuminate/Foundation/Http/Kernel.php(144): Illuminate\\Foundation\\Http\\Kernel->sendRequestThroughRouter()
#49 /home/ozodbek/Desktop/Logistika-va-Yuk-Tashish-Tizimi/Lagistika/vendor/laravel/framework/src/Illuminate/Foundation/Application.php(1219): Illuminate\\Foundation\\Http\\Kernel->handle()
#50 /home/ozodbek/Desktop/Logistika-va-Yuk-Tashish-Tizimi/Lagistika/public/index.php(20): Illuminate\\Foundation\\Application->handleRequest()
#51 /home/ozodbek/Desktop/Logistika-va-Yuk-Tashish-Tizimi/Lagistika/vendor/laravel/framework/src/Illuminate/Foundation/resources/server.php(23): require_once('...')
#52 {main}
"} 
